<?xml version="1.0" encoding="UTF-8"?>
<!-- Generated by org.testng.reporters.JUnitXMLReporter -->
<testsuite hostname="Dan_Raju" ignored="0" name="Test" tests="34" failures="0" timestamp="2022-06-08T14:27:15 IST" time="294.583" errors="0">
  <testcase name="@BeforeClass performLogin" time="20.357" classname="com.qa.testcases.ManageProductTestCase">
    <failure type="org.openqa.selenium.TimeoutException" message="Expected condition failed: waiting for visibility of Proxy element for: DefaultElementLocator &amp;apos;By.name: username&amp;apos; (tried for 20 second(s) with 500 milliseconds interval)">
      <![CDATA[org.openqa.selenium.TimeoutException: Expected condition failed: waiting for visibility of Proxy element for: DefaultElementLocator 'By.name: username' (tried for 20 second(s) with 500 milliseconds interval)
at org.openqa.selenium.support.ui.WebDriverWait.timeoutException(WebDriverWait.java:87)
at org.openqa.selenium.support.ui.FluentWait.until(FluentWait.java:231)
at com.qa.utility.WaitUtility.visibilityOfEleLocated(WaitUtility.java:22)
at com.qa.utility.PageUtility.performSendKey(PageUtility.java:22)
at com.qa.Pages.SignInPage.login(SignInPage.java:73)
at com.qa.testcases.ManageProductTestCase.performLogin(ManageProductTestCase.java:24)
at java.util.ArrayList.forEach(Unknown Source)
Caused by: org.openqa.selenium.NoSuchElementException: no such element: Unable to locate element: {"method":"css selector","selector":"*[name='username']"}
  (Session info: chrome=101.0.4951.54)
For documentation on this error, please visit: https://selenium.dev/exceptions/#no_such_element
Build info: version: '4.1.4', revision: '535d840ee2'
System info: host: 'DAN_RAJU', ip: '192.168.232.146', os.name: 'Windows 10', os.arch: 'amd64', os.version: '10.0', java.version: '1.8.0_121'
Driver info: org.openqa.selenium.chrome.ChromeDriver
Command: [afd997070255a43c37e01d9b90ea3735, findElement {using=name, value=username}]
Capabilities {acceptInsecureCerts: false, browserName: chrome, browserVersion: 101.0.4951.54, chrome: {chromedriverVersion: 100.0.4896.60 (6a5d10861ce8..., userDataDir: C:\Users\admin\AppData\Loca...}, goog:chromeOptions: {debuggerAddress: localhost:56895}, javascriptEnabled: true, networkConnectionEnabled: false, pageLoadStrategy: normal, platform: WINDOWS, platformName: WINDOWS, proxy: Proxy(), se:cdp: ws://localhost:56895/devtoo..., se:cdpVersion: 101.0.4951.54, setWindowRect: true, strictFileInteractability: false, timeouts: {implicit: 0, pageLoad: 300000, script: 30000}, unhandledPromptBehavior: dismiss and notify, webauthn:extension:credBlob: true, webauthn:extension:largeBlob: true, webauthn:virtualAuthenticators: true}
Session ID: afd997070255a43c37e01d9b90ea3735
at org.openqa.selenium.remote.codec.w3c.W3CHttpResponseCodec.createException(W3CHttpResponseCodec.java:200)
at org.openqa.selenium.remote.codec.w3c.W3CHttpResponseCodec.decode(W3CHttpResponseCodec.java:133)
at org.openqa.selenium.remote.codec.w3c.W3CHttpResponseCodec.decode(W3CHttpResponseCodec.java:53)
at org.openqa.selenium.remote.HttpCommandExecutor.execute(HttpCommandExecutor.java:184)
at org.openqa.selenium.remote.service.DriverCommandExecutor.invokeExecute(DriverCommandExecutor.java:167)
at org.openqa.selenium.remote.service.DriverCommandExecutor.execute(DriverCommandExecutor.java:142)
at org.openqa.selenium.remote.RemoteWebDriver.execute(RemoteWebDriver.java:567)
at org.openqa.selenium.remote.ElementLocation$ElementFinder$2.findElement(ElementLocation.java:162)
at org.openqa.selenium.remote.ElementLocation.findElement(ElementLocation.java:60)
at org.openqa.selenium.remote.RemoteWebDriver.findElement(RemoteWebDriver.java:385)
at org.openqa.selenium.remote.RemoteWebDriver.findElement(RemoteWebDriver.java:377)
at org.openqa.selenium.support.pagefactory.DefaultElementLocator.findElement(DefaultElementLocator.java:70)
at org.openqa.selenium.support.pagefactory.internal.LocatingElementHandler.invoke(LocatingElementHandler.java:39)
at com.sun.proxy.$Proxy14.isDisplayed(Unknown Source)
at org.openqa.selenium.support.ui.ExpectedConditions.elementIfVisible(ExpectedConditions.java:307)
at org.openqa.selenium.support.ui.ExpectedConditions.access$000(ExpectedConditions.java:40)
at org.openqa.selenium.support.ui.ExpectedConditions$10.apply(ExpectedConditions.java:293)
at org.openqa.selenium.support.ui.ExpectedConditions$10.apply(ExpectedConditions.java:290)
at org.openqa.selenium.support.ui.FluentWait.until(FluentWait.java:208)
... 30 more
... Removed 28 stack frames]]>
    </failure>
  </testcase> <!-- @BeforeClass performLogin -->
  <testcase name="@AfterClass close" time="-1.654678482333E9" classname="com.qa.testcases.ManageProductTestCase">
    <skipped/>
  </testcase> <!-- @AfterClass close -->
  <testcase name="@BeforeClass performLogin" time="20.536" classname="com.qa.testcases.PushNotificationsPageTestCase">
    <failure type="org.openqa.selenium.TimeoutException" message="Expected condition failed: waiting for visibility of Proxy element for: DefaultElementLocator &amp;apos;By.name: username&amp;apos; (tried for 20 second(s) with 500 milliseconds interval)">
      <![CDATA[org.openqa.selenium.TimeoutException: Expected condition failed: waiting for visibility of Proxy element for: DefaultElementLocator 'By.name: username' (tried for 20 second(s) with 500 milliseconds interval)
at org.openqa.selenium.support.ui.WebDriverWait.timeoutException(WebDriverWait.java:87)
at org.openqa.selenium.support.ui.FluentWait.until(FluentWait.java:231)
at com.qa.utility.WaitUtility.visibilityOfEleLocated(WaitUtility.java:22)
at com.qa.utility.PageUtility.performSendKey(PageUtility.java:22)
at com.qa.Pages.SignInPage.login(SignInPage.java:73)
at com.qa.testcases.PushNotificationsPageTestCase.performLogin(PushNotificationsPageTestCase.java:24)
at java.util.ArrayList.forEach(Unknown Source)
Caused by: org.openqa.selenium.NoSuchElementException: no such element: Unable to locate element: {"method":"css selector","selector":"*[name='username']"}
  (Session info: chrome=101.0.4951.54)
For documentation on this error, please visit: https://selenium.dev/exceptions/#no_such_element
Build info: version: '4.1.4', revision: '535d840ee2'
System info: host: 'DAN_RAJU', ip: '192.168.232.146', os.name: 'Windows 10', os.arch: 'amd64', os.version: '10.0', java.version: '1.8.0_121'
Driver info: org.openqa.selenium.chrome.ChromeDriver
Command: [f0e3ed53ca271515b90141a75b322578, findElement {using=name, value=username}]
Capabilities {acceptInsecureCerts: false, browserName: chrome, browserVersion: 101.0.4951.54, chrome: {chromedriverVersion: 100.0.4896.60 (6a5d10861ce8..., userDataDir: C:\Users\admin\AppData\Loca...}, goog:chromeOptions: {debuggerAddress: localhost:56949}, javascriptEnabled: true, networkConnectionEnabled: false, pageLoadStrategy: normal, platform: WINDOWS, platformName: WINDOWS, proxy: Proxy(), se:cdp: ws://localhost:56949/devtoo..., se:cdpVersion: 101.0.4951.54, setWindowRect: true, strictFileInteractability: false, timeouts: {implicit: 0, pageLoad: 300000, script: 30000}, unhandledPromptBehavior: dismiss and notify, webauthn:extension:credBlob: true, webauthn:extension:largeBlob: true, webauthn:virtualAuthenticators: true}
Session ID: f0e3ed53ca271515b90141a75b322578
at org.openqa.selenium.remote.codec.w3c.W3CHttpResponseCodec.createException(W3CHttpResponseCodec.java:200)
at org.openqa.selenium.remote.codec.w3c.W3CHttpResponseCodec.decode(W3CHttpResponseCodec.java:133)
at org.openqa.selenium.remote.codec.w3c.W3CHttpResponseCodec.decode(W3CHttpResponseCodec.java:53)
at org.openqa.selenium.remote.HttpCommandExecutor.execute(HttpCommandExecutor.java:184)
at org.openqa.selenium.remote.service.DriverCommandExecutor.invokeExecute(DriverCommandExecutor.java:167)
at org.openqa.selenium.remote.service.DriverCommandExecutor.execute(DriverCommandExecutor.java:142)
at org.openqa.selenium.remote.RemoteWebDriver.execute(RemoteWebDriver.java:567)
at org.openqa.selenium.remote.ElementLocation$ElementFinder$2.findElement(ElementLocation.java:162)
at org.openqa.selenium.remote.ElementLocation.findElement(ElementLocation.java:60)
at org.openqa.selenium.remote.RemoteWebDriver.findElement(RemoteWebDriver.java:385)
at org.openqa.selenium.remote.RemoteWebDriver.findElement(RemoteWebDriver.java:377)
at org.openqa.selenium.support.pagefactory.DefaultElementLocator.findElement(DefaultElementLocator.java:70)
at org.openqa.selenium.support.pagefactory.internal.LocatingElementHandler.invoke(LocatingElementHandler.java:39)
at com.sun.proxy.$Proxy14.isDisplayed(Unknown Source)
at org.openqa.selenium.support.ui.ExpectedConditions.elementIfVisible(ExpectedConditions.java:307)
at org.openqa.selenium.support.ui.ExpectedConditions.access$000(ExpectedConditions.java:40)
at org.openqa.selenium.support.ui.ExpectedConditions$10.apply(ExpectedConditions.java:293)
at org.openqa.selenium.support.ui.ExpectedConditions$10.apply(ExpectedConditions.java:290)
at org.openqa.selenium.support.ui.FluentWait.until(FluentWait.java:208)
... 30 more
... Removed 28 stack frames]]>
    </failure>
  </testcase> <!-- @BeforeClass performLogin -->
  <testcase name="@AfterClass close" time="-1.654678571977E9" classname="com.qa.testcases.PushNotificationsPageTestCase">
    <skipped/>
  </testcase> <!-- @AfterClass close -->
  <testcase name="userIdFeildIsDisplayed" time="0.234" classname="com.qa.testcases.SignInTestCase"/>
  <testcase name="passwordFeildIsDisplayed" time="0.116" classname="com.qa.testcases.SignInTestCase"/>
  <testcase name="passwordMasked" time="0.045" classname="com.qa.testcases.SignInTestCase"/>
  <testcase name="login" time="2.635" classname="com.qa.testcases.SignInTestCase"/>
  <testcase name="expenseCategoryPageVerification" time="6.131" classname="com.qa.testcases.ExpenseCategoryTestCase"/>
  <testcase name="verifyExpenseCategoryPageNewButtonElement" time="0.118" classname="com.qa.testcases.ExpenseCategoryTestCase"/>
  <testcase name="verifyExpenseCategoryPageSearchButtonElement" time="0.112" classname="com.qa.testcases.ExpenseCategoryTestCase"/>
  <testcase name="manageOrderPage" time="2.757" classname="com.qa.testcases.ManageOrderTestCase"/>
  <testcase name="listOrderIsDisplayed" time="0.182" classname="com.qa.testcases.ManageOrderTestCase"/>
  <testcase name="verifyHomePageTitel" time="0.018" classname="com.qa.testcases.ManageOrderTestCase"/>
  <testcase name="searchManageOrderPage" time="4.74" classname="com.qa.testcases.ManageOrderTestCase"/>
  <testcase name="orderIdManageOrderPage" time="0.487" classname="com.qa.testcases.ManageOrderTestCase"/>
  <testcase name="paymentmodeManageOrderPage" time="0.276" classname="com.qa.testcases.ManageOrderTestCase"/>
  <testcase name="statusManageOrderPage" time="0.195" classname="com.qa.testcases.ManageOrderTestCase"/>
  <testcase name="searchOrderIdManageOrderPage" time="0.841" classname="com.qa.testcases.ManageOrderTestCase"/>
  <testcase name="manageProductPage" time="0.0" classname="com.qa.testcases.ManageProductTestCase">
    <skipped/>
  </testcase> <!-- manageProductPage -->
  <testcase name="testSearchBtn" time="0.0" classname="com.qa.testcases.ManageProductTestCase">
    <skipped/>
  </testcase> <!-- testSearchBtn -->
  <testcase name="manageVerifyUsersPage" time="1.008" classname="com.qa.testcases.ManageUsersTestCase"/>
  <testcase name="searchVerifyUsersPage" time="1.712" classname="com.qa.testcases.ManageUsersTestCase"/>
  <testcase name="putDetaildForsearch" time="1.103" classname="com.qa.testcases.ManageUsersTestCase"/>
  <testcase name="putStatus" time="0.229" classname="com.qa.testcases.ManageUsersTestCase"/>
  <testcase name="getText" time="0.045" classname="com.qa.testcases.ManageUsersTestCase"/>
  <testcase name="verifyTestResetBtn" time="0.762" classname="com.qa.testcases.ManageUsersTestCase"/>
  <testcase name="verifyPushNotificationPage" time="0.0" classname="com.qa.testcases.PushNotificationsPageTestCase">
    <skipped/>
  </testcase> <!-- verifyPushNotificationPage -->
  <testcase name="verifyAlert" time="0.0" classname="com.qa.testcases.PushNotificationsPageTestCase">
    <skipped/>
  </testcase> <!-- verifyAlert -->
  <testcase name="verifyTestReset" time="0.0" classname="com.qa.testcases.PushNotificationsPageTestCase">
    <skipped/>
  </testcase> <!-- verifyTestReset -->
  <testcase name="verifyNewBtn" time="6.131" classname="com.qa.testcases.ManageNewsTestCase"/>
  <testcase name="verifyNewBtnAssert" time="0.214" classname="com.qa.testcases.ManageNewsTestCase"/>
  <testcase name="verifysearchBtn" time="2.201" classname="com.qa.testcases.ManageNewsTestCase"/>
  <testcase name="verifyResetBtn" time="1.041" classname="com.qa.testcases.ManageNewsTestCase"/>
  <testcase name="verifyNewBtn" time="5.59" classname="com.qa.testcases.ManageLocationTestCase"/>
  <testcase name="verifyNewBtnAlert" time="0.073" classname="com.qa.testcases.ManageLocationTestCase"/>
  <testcase name="verifySearchBtn" time="2.42" classname="com.qa.testcases.ManageLocationTestCase"/>
  <testcase name="titleUrl" time="0.196" classname="com.qa.testcases.ManageLocationTestCase"/>
</testsuite> <!-- Test -->
