<!DOCTYPE html>

<html>
  <head>
  <meta charset='utf-8'>
  <title>TestNG reports</title>

    <link type="text/css" href="testng-reports1.css" rel="stylesheet" id="ultra" />
    <link type="text/css" href="testng-reports.css" rel="stylesheet" id="retro" disabled="false"/>
    <script type="text/javascript" src="jquery.min.js"></script>
    <script type="text/javascript" src="testng-reports.js"></script>
    <script type="text/javascript" src="https://www.google.com/jsapi"></script>
    <script type='text/javascript'>
      google.load('visualization', '1', {packages:['table']});
      google.setOnLoadCallback(drawTable);
      var suiteTableInitFunctions = new Array();
      var suiteTableData = new Array();
    </script>
    <!--
      <script type="text/javascript" src="jquery-ui/js/jquery-ui-1.8.16.custom.min.js"></script>
     -->
  </head>

  <body>
    <div class="top-banner-root">
      <span class="top-banner-title-font">Test results</span>
      <button class="button" id="button">Switch Retro Theme</button> <!-- button -->
      <br/>
      <span class="top-banner-font-1">1 suite</span>
    </div> <!-- top-banner-root -->
    <div class="navigator-root">
      <div class="navigator-suite-header">
        <span>All suites</span>
        <a href="#" class="collapse-all-link" title="Collapse/expand all the suites">
          <img class="collapse-all-icon" src="collapseall.gif">
          </img> <!-- collapse-all-icon -->
        </a> <!-- collapse-all-link -->
      </div> <!-- navigator-suite-header -->
      <div class="suite">
        <div class="rounded-window">
          <div class="suite-header light-rounded-window-top">
            <a href="#" class="navigator-link" panel-name="suite-Suite">
              <span class="suite-name border-skipped">Suite</span>
            </a> <!-- navigator-link -->
          </div> <!-- suite-header light-rounded-window-top -->
          <div class="navigator-suite-content">
            <div class="suite-section-title">
              <span>Info</span>
            </div> <!-- suite-section-title -->
            <div class="suite-section-content">
              <ul>
                <li>
                  <a href="#" class="navigator-link " panel-name="test-xml-Suite">
                    <span>C:\Users\admin\eclipse-workspace\GroceryApp\GAProject\testng.xml</span>
                  </a> <!-- navigator-link  -->
                </li>
                <li>
                  <a href="#" class="navigator-link " panel-name="testlist-Suite">
                    <span class="test-stats">1 test</span>
                  </a> <!-- navigator-link  -->
                </li>
                <li>
                  <a href="#" class="navigator-link " panel-name="group-Suite">
                    <span>0 groups</span>
                  </a> <!-- navigator-link  -->
                </li>
                <li>
                  <a href="#" class="navigator-link " panel-name="times-Suite">
                    <span>Times</span>
                  </a> <!-- navigator-link  -->
                </li>
                <li>
                  <a href="#" class="navigator-link " panel-name="reporter-Suite">
                    <span>Reporter output</span>
                  </a> <!-- navigator-link  -->
                </li>
                <li>
                  <a href="#" class="navigator-link " panel-name="ignored-methods-Suite">
                    <span>Ignored methods</span>
                  </a> <!-- navigator-link  -->
                </li>
                <li>
                  <a href="#" class="navigator-link " panel-name="chronological-Suite">
                    <span>Chronological view</span>
                  </a> <!-- navigator-link  -->
                </li>
              </ul>
            </div> <!-- suite-section-content -->
            <div class="result-section">
              <div class="suite-section-title">
                <span>Results</span>
              </div> <!-- suite-section-title -->
              <div class="suite-section-content">
                <ul>
                  <li>
                    <span class="method-stats">34 methods,  5 skipped,  29 passed</span>
                  </li>
                  <li>
                    <span class="method-list-title skipped">Skipped methods</span>
                    <span class="show-or-hide-methods skipped">
                      <a href="#" panel-name="suite-Suite" class="hide-methods skipped suite-Suite"> (hide)</a> <!-- hide-methods skipped suite-Suite -->
                      <a href="#" panel-name="suite-Suite" class="show-methods skipped suite-Suite"> (show)</a> <!-- show-methods skipped suite-Suite -->
                    </span>
                    <div class="method-list-content skipped suite-Suite">
                      <span>
                        <img width="3%" src="skipped.png"/>
                        <a href="#" class="method navigator-link" panel-name="suite-Suite" title="com.qa.testcases.ManageProductTestCase" hash-for-method="manageProductPage">manageProductPage</a> <!-- method navigator-link -->
                      </span>
                      <br/>
                      <span>
                        <img width="3%" src="skipped.png"/>
                        <a href="#" class="method navigator-link" panel-name="suite-Suite" title="com.qa.testcases.ManageProductTestCase" hash-for-method="testSearchBtn">testSearchBtn</a> <!-- method navigator-link -->
                      </span>
                      <br/>
                      <span>
                        <img width="3%" src="skipped.png"/>
                        <a href="#" class="method navigator-link" panel-name="suite-Suite" title="com.qa.testcases.PushNotificationsPageTestCase" hash-for-method="verifyAlert">verifyAlert</a> <!-- method navigator-link -->
                      </span>
                      <br/>
                      <span>
                        <img width="3%" src="skipped.png"/>
                        <a href="#" class="method navigator-link" panel-name="suite-Suite" title="com.qa.testcases.PushNotificationsPageTestCase" hash-for-method="verifyPushNotificationPage">verifyPushNotificationPage</a> <!-- method navigator-link -->
                      </span>
                      <br/>
                      <span>
                        <img width="3%" src="skipped.png"/>
                        <a href="#" class="method navigator-link" panel-name="suite-Suite" title="com.qa.testcases.PushNotificationsPageTestCase" hash-for-method="verifyTestReset">verifyTestReset</a> <!-- method navigator-link -->
                      </span>
                      <br/>
                    </div> <!-- method-list-content skipped suite-Suite -->
                  </li>
                  <li>
                    <span class="method-list-title passed">Passed methods</span>
                    <span class="show-or-hide-methods passed">
                      <a href="#" panel-name="suite-Suite" class="hide-methods passed suite-Suite"> (hide)</a> <!-- hide-methods passed suite-Suite -->
                      <a href="#" panel-name="suite-Suite" class="show-methods passed suite-Suite"> (show)</a> <!-- show-methods passed suite-Suite -->
                    </span>
                    <div class="method-list-content passed suite-Suite">
                      <span>
                        <img width="3%" src="passed.png"/>
                        <a href="#" class="method navigator-link" panel-name="suite-Suite" title="com.qa.testcases.ExpenseCategoryTestCase" hash-for-method="expenseCategoryPageVerification">expenseCategoryPageVerification</a> <!-- method navigator-link -->
                      </span>
                      <br/>
                      <span>
                        <img width="3%" src="passed.png"/>
                        <a href="#" class="method navigator-link" panel-name="suite-Suite" title="com.qa.testcases.ManageUsersTestCase" hash-for-method="getText">getText</a> <!-- method navigator-link -->
                      </span>
                      <br/>
                      <span>
                        <img width="3%" src="passed.png"/>
                        <a href="#" class="method navigator-link" panel-name="suite-Suite" title="com.qa.testcases.ManageOrderTestCase" hash-for-method="listOrderIsDisplayed">listOrderIsDisplayed</a> <!-- method navigator-link -->
                      </span>
                      <br/>
                      <span>
                        <img width="3%" src="passed.png"/>
                        <a href="#" class="method navigator-link" panel-name="suite-Suite" title="com.qa.testcases.SignInTestCase" hash-for-method="login">login</a> <!-- method navigator-link -->
                      </span>
                      <br/>
                      <span>
                        <img width="3%" src="passed.png"/>
                        <a href="#" class="method navigator-link" panel-name="suite-Suite" title="com.qa.testcases.ManageOrderTestCase" hash-for-method="manageOrderPage">manageOrderPage</a> <!-- method navigator-link -->
                      </span>
                      <br/>
                      <span>
                        <img width="3%" src="passed.png"/>
                        <a href="#" class="method navigator-link" panel-name="suite-Suite" title="com.qa.testcases.ManageUsersTestCase" hash-for-method="manageVerifyUsersPage">manageVerifyUsersPage</a> <!-- method navigator-link -->
                      </span>
                      <br/>
                      <span>
                        <img width="3%" src="passed.png"/>
                        <a href="#" class="method navigator-link" panel-name="suite-Suite" title="com.qa.testcases.ManageOrderTestCase" hash-for-method="orderIdManageOrderPage">orderIdManageOrderPage</a> <!-- method navigator-link -->
                      </span>
                      <br/>
                      <span>
                        <img width="3%" src="passed.png"/>
                        <a href="#" class="method navigator-link" panel-name="suite-Suite" title="com.qa.testcases.SignInTestCase" hash-for-method="passwordFeildIsDisplayed">passwordFeildIsDisplayed</a> <!-- method navigator-link -->
                      </span>
                      <br/>
                      <span>
                        <img width="3%" src="passed.png"/>
                        <a href="#" class="method navigator-link" panel-name="suite-Suite" title="com.qa.testcases.SignInTestCase" hash-for-method="passwordMasked">passwordMasked</a> <!-- method navigator-link -->
                      </span>
                      <br/>
                      <span>
                        <img width="3%" src="passed.png"/>
                        <a href="#" class="method navigator-link" panel-name="suite-Suite" title="com.qa.testcases.ManageOrderTestCase" hash-for-method="paymentmodeManageOrderPage">paymentmodeManageOrderPage</a> <!-- method navigator-link -->
                      </span>
                      <br/>
                      <span>
                        <img width="3%" src="passed.png"/>
                        <a href="#" class="method navigator-link" panel-name="suite-Suite" title="com.qa.testcases.ManageUsersTestCase" hash-for-method="putDetaildForsearch">putDetaildForsearch</a> <!-- method navigator-link -->
                      </span>
                      <br/>
                      <span>
                        <img width="3%" src="passed.png"/>
                        <a href="#" class="method navigator-link" panel-name="suite-Suite" title="com.qa.testcases.ManageUsersTestCase" hash-for-method="putStatus">putStatus</a> <!-- method navigator-link -->
                      </span>
                      <br/>
                      <span>
                        <img width="3%" src="passed.png"/>
                        <a href="#" class="method navigator-link" panel-name="suite-Suite" title="com.qa.testcases.ManageOrderTestCase" hash-for-method="searchManageOrderPage">searchManageOrderPage</a> <!-- method navigator-link -->
                      </span>
                      <br/>
                      <span>
                        <img width="3%" src="passed.png"/>
                        <a href="#" class="method navigator-link" panel-name="suite-Suite" title="com.qa.testcases.ManageOrderTestCase" hash-for-method="searchOrderIdManageOrderPage">searchOrderIdManageOrderPage</a> <!-- method navigator-link -->
                      </span>
                      <br/>
                      <span>
                        <img width="3%" src="passed.png"/>
                        <a href="#" class="method navigator-link" panel-name="suite-Suite" title="com.qa.testcases.ManageUsersTestCase" hash-for-method="searchVerifyUsersPage">searchVerifyUsersPage</a> <!-- method navigator-link -->
                      </span>
                      <br/>
                      <span>
                        <img width="3%" src="passed.png"/>
                        <a href="#" class="method navigator-link" panel-name="suite-Suite" title="com.qa.testcases.ManageOrderTestCase" hash-for-method="statusManageOrderPage">statusManageOrderPage</a> <!-- method navigator-link -->
                      </span>
                      <br/>
                      <span>
                        <img width="3%" src="passed.png"/>
                        <a href="#" class="method navigator-link" panel-name="suite-Suite" title="com.qa.testcases.ManageLocationTestCase" hash-for-method="titleUrl">titleUrl</a> <!-- method navigator-link -->
                      </span>
                      <br/>
                      <span>
                        <img width="3%" src="passed.png"/>
                        <a href="#" class="method navigator-link" panel-name="suite-Suite" title="com.qa.testcases.SignInTestCase" hash-for-method="userIdFeildIsDisplayed">userIdFeildIsDisplayed</a> <!-- method navigator-link -->
                      </span>
                      <br/>
                      <span>
                        <img width="3%" src="passed.png"/>
                        <a href="#" class="method navigator-link" panel-name="suite-Suite" title="com.qa.testcases.ExpenseCategoryTestCase" hash-for-method="verifyExpenseCategoryPageNewButtonElement">verifyExpenseCategoryPageNewButtonElement</a> <!-- method navigator-link -->
                      </span>
                      <br/>
                      <span>
                        <img width="3%" src="passed.png"/>
                        <a href="#" class="method navigator-link" panel-name="suite-Suite" title="com.qa.testcases.ExpenseCategoryTestCase" hash-for-method="verifyExpenseCategoryPageSearchButtonElement">verifyExpenseCategoryPageSearchButtonElement</a> <!-- method navigator-link -->
                      </span>
                      <br/>
                      <span>
                        <img width="3%" src="passed.png"/>
                        <a href="#" class="method navigator-link" panel-name="suite-Suite" title="com.qa.testcases.ManageOrderTestCase" hash-for-method="verifyHomePageTitel">verifyHomePageTitel</a> <!-- method navigator-link -->
                      </span>
                      <br/>
                      <span>
                        <img width="3%" src="passed.png"/>
                        <a href="#" class="method navigator-link" panel-name="suite-Suite" title="com.qa.testcases.ManageNewsTestCase" hash-for-method="verifyNewBtn">verifyNewBtn</a> <!-- method navigator-link -->
                      </span>
                      <br/>
                      <span>
                        <img width="3%" src="passed.png"/>
                        <a href="#" class="method navigator-link" panel-name="suite-Suite" title="com.qa.testcases.ManageLocationTestCase" hash-for-method="verifyNewBtn">verifyNewBtn</a> <!-- method navigator-link -->
                      </span>
                      <br/>
                      <span>
                        <img width="3%" src="passed.png"/>
                        <a href="#" class="method navigator-link" panel-name="suite-Suite" title="com.qa.testcases.ManageLocationTestCase" hash-for-method="verifyNewBtnAlert">verifyNewBtnAlert</a> <!-- method navigator-link -->
                      </span>
                      <br/>
                      <span>
                        <img width="3%" src="passed.png"/>
                        <a href="#" class="method navigator-link" panel-name="suite-Suite" title="com.qa.testcases.ManageNewsTestCase" hash-for-method="verifyNewBtnAssert">verifyNewBtnAssert</a> <!-- method navigator-link -->
                      </span>
                      <br/>
                      <span>
                        <img width="3%" src="passed.png"/>
                        <a href="#" class="method navigator-link" panel-name="suite-Suite" title="com.qa.testcases.ManageNewsTestCase" hash-for-method="verifyResetBtn">verifyResetBtn</a> <!-- method navigator-link -->
                      </span>
                      <br/>
                      <span>
                        <img width="3%" src="passed.png"/>
                        <a href="#" class="method navigator-link" panel-name="suite-Suite" title="com.qa.testcases.ManageLocationTestCase" hash-for-method="verifySearchBtn">verifySearchBtn</a> <!-- method navigator-link -->
                      </span>
                      <br/>
                      <span>
                        <img width="3%" src="passed.png"/>
                        <a href="#" class="method navigator-link" panel-name="suite-Suite" title="com.qa.testcases.ManageUsersTestCase" hash-for-method="verifyTestResetBtn">verifyTestResetBtn</a> <!-- method navigator-link -->
                      </span>
                      <br/>
                      <span>
                        <img width="3%" src="passed.png"/>
                        <a href="#" class="method navigator-link" panel-name="suite-Suite" title="com.qa.testcases.ManageNewsTestCase" hash-for-method="verifysearchBtn">verifysearchBtn</a> <!-- method navigator-link -->
                      </span>
                      <br/>
                    </div> <!-- method-list-content passed suite-Suite -->
                  </li>
                </ul>
              </div> <!-- suite-section-content -->
            </div> <!-- result-section -->
          </div> <!-- navigator-suite-content -->
        </div> <!-- rounded-window -->
      </div> <!-- suite -->
    </div> <!-- navigator-root -->
    <div class="wrapper">
      <div class="main-panel-root">
        <div panel-name="suite-Suite" class="panel Suite">
          <div class="suite-Suite-class-skipped">
            <div class="main-panel-header rounded-window-top">
              <img src="skipped.png"/>
              <span class="class-name">com.qa.testcases.ManageProductTestCase</span>
            </div> <!-- main-panel-header rounded-window-top -->
            <div class="main-panel-content rounded-window-bottom">
              <div class="method">
                <div class="method-content">
                  <a name="manageProductPage">
                  </a> <!-- manageProductPage -->
                  <span class="method-name">manageProductPage</span>
                  <div class="stack-trace">org.openqa.selenium.TimeoutException: Expected condition failed: waiting for visibility of Proxy element for: DefaultElementLocator &apos;By.name: username&apos; (tried for 20 second(s) with 500 milliseconds interval)
	at org.openqa.selenium.support.ui.WebDriverWait.timeoutException(WebDriverWait.java:87)
	at org.openqa.selenium.support.ui.FluentWait.until(FluentWait.java:231)
	at com.qa.utility.WaitUtility.visibilityOfEleLocated(WaitUtility.java:22)
	at com.qa.utility.PageUtility.performSendKey(PageUtility.java:22)
	at com.qa.Pages.SignInPage.login(SignInPage.java:73)
	at com.qa.testcases.ManageProductTestCase.performLogin(ManageProductTestCase.java:24)
	at java.util.ArrayList.forEach(Unknown Source)
Caused by: org.openqa.selenium.NoSuchElementException: no such element: Unable to locate element: {&quot;method&quot;:&quot;css selector&quot;,&quot;selector&quot;:&quot;*[name=&apos;username&apos;]&quot;}
  (Session info: chrome=101.0.4951.54)
For documentation on this error, please visit: https://selenium.dev/exceptions/#no_such_element
Build info: version: &apos;4.1.4&apos;, revision: &apos;535d840ee2&apos;
System info: host: &apos;DAN_RAJU&apos;, ip: &apos;192.168.232.146&apos;, os.name: &apos;Windows 10&apos;, os.arch: &apos;amd64&apos;, os.version: &apos;10.0&apos;, java.version: &apos;1.8.0_121&apos;
Driver info: org.openqa.selenium.chrome.ChromeDriver
Command: [afd997070255a43c37e01d9b90ea3735, findElement {using=name, value=username}]
Capabilities {acceptInsecureCerts: false, browserName: chrome, browserVersion: 101.0.4951.54, chrome: {chromedriverVersion: 100.0.4896.60 (6a5d10861ce8..., userDataDir: C:\Users\admin\AppData\Loca...}, goog:chromeOptions: {debuggerAddress: localhost:56895}, javascriptEnabled: true, networkConnectionEnabled: false, pageLoadStrategy: normal, platform: WINDOWS, platformName: WINDOWS, proxy: Proxy(), se:cdp: ws://localhost:56895/devtoo..., se:cdpVersion: 101.0.4951.54, setWindowRect: true, strictFileInteractability: false, timeouts: {implicit: 0, pageLoad: 300000, script: 30000}, unhandledPromptBehavior: dismiss and notify, webauthn:extension:credBlob: true, webauthn:extension:largeBlob: true, webauthn:virtualAuthenticators: true}
Session ID: afd997070255a43c37e01d9b90ea3735
	at org.openqa.selenium.remote.codec.w3c.W3CHttpResponseCodec.createException(W3CHttpResponseCodec.java:200)
	at org.openqa.selenium.remote.codec.w3c.W3CHttpResponseCodec.decode(W3CHttpResponseCodec.java:133)
	at org.openqa.selenium.remote.codec.w3c.W3CHttpResponseCodec.decode(W3CHttpResponseCodec.java:53)
	at org.openqa.selenium.remote.HttpCommandExecutor.execute(HttpCommandExecutor.java:184)
	at org.openqa.selenium.remote.service.DriverCommandExecutor.invokeExecute(DriverCommandExecutor.java:167)
	at org.openqa.selenium.remote.service.DriverCommandExecutor.execute(DriverCommandExecutor.java:142)
	at org.openqa.selenium.remote.RemoteWebDriver.execute(RemoteWebDriver.java:567)
	at org.openqa.selenium.remote.ElementLocation$ElementFinder$2.findElement(ElementLocation.java:162)
	at org.openqa.selenium.remote.ElementLocation.findElement(ElementLocation.java:60)
	at org.openqa.selenium.remote.RemoteWebDriver.findElement(RemoteWebDriver.java:385)
	at org.openqa.selenium.remote.RemoteWebDriver.findElement(RemoteWebDriver.java:377)
	at org.openqa.selenium.support.pagefactory.DefaultElementLocator.findElement(DefaultElementLocator.java:70)
	at org.openqa.selenium.support.pagefactory.internal.LocatingElementHandler.invoke(LocatingElementHandler.java:39)
	at com.sun.proxy.$Proxy14.isDisplayed(Unknown Source)
	at org.openqa.selenium.support.ui.ExpectedConditions.elementIfVisible(ExpectedConditions.java:307)
	at org.openqa.selenium.support.ui.ExpectedConditions.access$000(ExpectedConditions.java:40)
	at org.openqa.selenium.support.ui.ExpectedConditions$10.apply(ExpectedConditions.java:293)
	at org.openqa.selenium.support.ui.ExpectedConditions$10.apply(ExpectedConditions.java:290)
	at org.openqa.selenium.support.ui.FluentWait.until(FluentWait.java:208)
	... 30 more
... Removed 28 stack frames
</div> <!-- stack-trace -->
                </div> <!-- method-content -->
              </div> <!-- method -->
              <div class="method">
                <div class="method-content">
                  <a name="testSearchBtn">
                  </a> <!-- testSearchBtn -->
                  <span class="method-name">testSearchBtn</span>
                  <div class="stack-trace">org.openqa.selenium.TimeoutException: Expected condition failed: waiting for visibility of Proxy element for: DefaultElementLocator &apos;By.name: username&apos; (tried for 20 second(s) with 500 milliseconds interval)
	at org.openqa.selenium.support.ui.WebDriverWait.timeoutException(WebDriverWait.java:87)
	at org.openqa.selenium.support.ui.FluentWait.until(FluentWait.java:231)
	at com.qa.utility.WaitUtility.visibilityOfEleLocated(WaitUtility.java:22)
	at com.qa.utility.PageUtility.performSendKey(PageUtility.java:22)
	at com.qa.Pages.SignInPage.login(SignInPage.java:73)
	at com.qa.testcases.ManageProductTestCase.performLogin(ManageProductTestCase.java:24)
	at java.util.ArrayList.forEach(Unknown Source)
Caused by: org.openqa.selenium.NoSuchElementException: no such element: Unable to locate element: {&quot;method&quot;:&quot;css selector&quot;,&quot;selector&quot;:&quot;*[name=&apos;username&apos;]&quot;}
  (Session info: chrome=101.0.4951.54)
For documentation on this error, please visit: https://selenium.dev/exceptions/#no_such_element
Build info: version: &apos;4.1.4&apos;, revision: &apos;535d840ee2&apos;
System info: host: &apos;DAN_RAJU&apos;, ip: &apos;192.168.232.146&apos;, os.name: &apos;Windows 10&apos;, os.arch: &apos;amd64&apos;, os.version: &apos;10.0&apos;, java.version: &apos;1.8.0_121&apos;
Driver info: org.openqa.selenium.chrome.ChromeDriver
Command: [afd997070255a43c37e01d9b90ea3735, findElement {using=name, value=username}]
Capabilities {acceptInsecureCerts: false, browserName: chrome, browserVersion: 101.0.4951.54, chrome: {chromedriverVersion: 100.0.4896.60 (6a5d10861ce8..., userDataDir: C:\Users\admin\AppData\Loca...}, goog:chromeOptions: {debuggerAddress: localhost:56895}, javascriptEnabled: true, networkConnectionEnabled: false, pageLoadStrategy: normal, platform: WINDOWS, platformName: WINDOWS, proxy: Proxy(), se:cdp: ws://localhost:56895/devtoo..., se:cdpVersion: 101.0.4951.54, setWindowRect: true, strictFileInteractability: false, timeouts: {implicit: 0, pageLoad: 300000, script: 30000}, unhandledPromptBehavior: dismiss and notify, webauthn:extension:credBlob: true, webauthn:extension:largeBlob: true, webauthn:virtualAuthenticators: true}
Session ID: afd997070255a43c37e01d9b90ea3735
	at org.openqa.selenium.remote.codec.w3c.W3CHttpResponseCodec.createException(W3CHttpResponseCodec.java:200)
	at org.openqa.selenium.remote.codec.w3c.W3CHttpResponseCodec.decode(W3CHttpResponseCodec.java:133)
	at org.openqa.selenium.remote.codec.w3c.W3CHttpResponseCodec.decode(W3CHttpResponseCodec.java:53)
	at org.openqa.selenium.remote.HttpCommandExecutor.execute(HttpCommandExecutor.java:184)
	at org.openqa.selenium.remote.service.DriverCommandExecutor.invokeExecute(DriverCommandExecutor.java:167)
	at org.openqa.selenium.remote.service.DriverCommandExecutor.execute(DriverCommandExecutor.java:142)
	at org.openqa.selenium.remote.RemoteWebDriver.execute(RemoteWebDriver.java:567)
	at org.openqa.selenium.remote.ElementLocation$ElementFinder$2.findElement(ElementLocation.java:162)
	at org.openqa.selenium.remote.ElementLocation.findElement(ElementLocation.java:60)
	at org.openqa.selenium.remote.RemoteWebDriver.findElement(RemoteWebDriver.java:385)
	at org.openqa.selenium.remote.RemoteWebDriver.findElement(RemoteWebDriver.java:377)
	at org.openqa.selenium.support.pagefactory.DefaultElementLocator.findElement(DefaultElementLocator.java:70)
	at org.openqa.selenium.support.pagefactory.internal.LocatingElementHandler.invoke(LocatingElementHandler.java:39)
	at com.sun.proxy.$Proxy14.isDisplayed(Unknown Source)
	at org.openqa.selenium.support.ui.ExpectedConditions.elementIfVisible(ExpectedConditions.java:307)
	at org.openqa.selenium.support.ui.ExpectedConditions.access$000(ExpectedConditions.java:40)
	at org.openqa.selenium.support.ui.ExpectedConditions$10.apply(ExpectedConditions.java:293)
	at org.openqa.selenium.support.ui.ExpectedConditions$10.apply(ExpectedConditions.java:290)
	at org.openqa.selenium.support.ui.FluentWait.until(FluentWait.java:208)
	... 30 more
... Removed 28 stack frames
</div> <!-- stack-trace -->
                </div> <!-- method-content -->
              </div> <!-- method -->
            </div> <!-- main-panel-content rounded-window-bottom -->
          </div> <!-- suite-Suite-class-skipped -->
          <div class="suite-Suite-class-skipped">
            <div class="main-panel-header rounded-window-top">
              <img src="skipped.png"/>
              <span class="class-name">com.qa.testcases.PushNotificationsPageTestCase</span>
            </div> <!-- main-panel-header rounded-window-top -->
            <div class="main-panel-content rounded-window-bottom">
              <div class="method">
                <div class="method-content">
                  <a name="verifyAlert">
                  </a> <!-- verifyAlert -->
                  <span class="method-name">verifyAlert</span>
                  <div class="stack-trace">org.openqa.selenium.TimeoutException: Expected condition failed: waiting for visibility of Proxy element for: DefaultElementLocator &apos;By.name: username&apos; (tried for 20 second(s) with 500 milliseconds interval)
	at org.openqa.selenium.support.ui.WebDriverWait.timeoutException(WebDriverWait.java:87)
	at org.openqa.selenium.support.ui.FluentWait.until(FluentWait.java:231)
	at com.qa.utility.WaitUtility.visibilityOfEleLocated(WaitUtility.java:22)
	at com.qa.utility.PageUtility.performSendKey(PageUtility.java:22)
	at com.qa.Pages.SignInPage.login(SignInPage.java:73)
	at com.qa.testcases.PushNotificationsPageTestCase.performLogin(PushNotificationsPageTestCase.java:24)
	at java.util.ArrayList.forEach(Unknown Source)
Caused by: org.openqa.selenium.NoSuchElementException: no such element: Unable to locate element: {&quot;method&quot;:&quot;css selector&quot;,&quot;selector&quot;:&quot;*[name=&apos;username&apos;]&quot;}
  (Session info: chrome=101.0.4951.54)
For documentation on this error, please visit: https://selenium.dev/exceptions/#no_such_element
Build info: version: &apos;4.1.4&apos;, revision: &apos;535d840ee2&apos;
System info: host: &apos;DAN_RAJU&apos;, ip: &apos;192.168.232.146&apos;, os.name: &apos;Windows 10&apos;, os.arch: &apos;amd64&apos;, os.version: &apos;10.0&apos;, java.version: &apos;1.8.0_121&apos;
Driver info: org.openqa.selenium.chrome.ChromeDriver
Command: [f0e3ed53ca271515b90141a75b322578, findElement {using=name, value=username}]
Capabilities {acceptInsecureCerts: false, browserName: chrome, browserVersion: 101.0.4951.54, chrome: {chromedriverVersion: 100.0.4896.60 (6a5d10861ce8..., userDataDir: C:\Users\admin\AppData\Loca...}, goog:chromeOptions: {debuggerAddress: localhost:56949}, javascriptEnabled: true, networkConnectionEnabled: false, pageLoadStrategy: normal, platform: WINDOWS, platformName: WINDOWS, proxy: Proxy(), se:cdp: ws://localhost:56949/devtoo..., se:cdpVersion: 101.0.4951.54, setWindowRect: true, strictFileInteractability: false, timeouts: {implicit: 0, pageLoad: 300000, script: 30000}, unhandledPromptBehavior: dismiss and notify, webauthn:extension:credBlob: true, webauthn:extension:largeBlob: true, webauthn:virtualAuthenticators: true}
Session ID: f0e3ed53ca271515b90141a75b322578
	at org.openqa.selenium.remote.codec.w3c.W3CHttpResponseCodec.createException(W3CHttpResponseCodec.java:200)
	at org.openqa.selenium.remote.codec.w3c.W3CHttpResponseCodec.decode(W3CHttpResponseCodec.java:133)
	at org.openqa.selenium.remote.codec.w3c.W3CHttpResponseCodec.decode(W3CHttpResponseCodec.java:53)
	at org.openqa.selenium.remote.HttpCommandExecutor.execute(HttpCommandExecutor.java:184)
	at org.openqa.selenium.remote.service.DriverCommandExecutor.invokeExecute(DriverCommandExecutor.java:167)
	at org.openqa.selenium.remote.service.DriverCommandExecutor.execute(DriverCommandExecutor.java:142)
	at org.openqa.selenium.remote.RemoteWebDriver.execute(RemoteWebDriver.java:567)
	at org.openqa.selenium.remote.ElementLocation$ElementFinder$2.findElement(ElementLocation.java:162)
	at org.openqa.selenium.remote.ElementLocation.findElement(ElementLocation.java:60)
	at org.openqa.selenium.remote.RemoteWebDriver.findElement(RemoteWebDriver.java:385)
	at org.openqa.selenium.remote.RemoteWebDriver.findElement(RemoteWebDriver.java:377)
	at org.openqa.selenium.support.pagefactory.DefaultElementLocator.findElement(DefaultElementLocator.java:70)
	at org.openqa.selenium.support.pagefactory.internal.LocatingElementHandler.invoke(LocatingElementHandler.java:39)
	at com.sun.proxy.$Proxy14.isDisplayed(Unknown Source)
	at org.openqa.selenium.support.ui.ExpectedConditions.elementIfVisible(ExpectedConditions.java:307)
	at org.openqa.selenium.support.ui.ExpectedConditions.access$000(ExpectedConditions.java:40)
	at org.openqa.selenium.support.ui.ExpectedConditions$10.apply(ExpectedConditions.java:293)
	at org.openqa.selenium.support.ui.ExpectedConditions$10.apply(ExpectedConditions.java:290)
	at org.openqa.selenium.support.ui.FluentWait.until(FluentWait.java:208)
	... 30 more
... Removed 28 stack frames
</div> <!-- stack-trace -->
                </div> <!-- method-content -->
              </div> <!-- method -->
              <div class="method">
                <div class="method-content">
                  <a name="verifyPushNotificationPage">
                  </a> <!-- verifyPushNotificationPage -->
                  <span class="method-name">verifyPushNotificationPage</span>
                  <div class="stack-trace">org.openqa.selenium.TimeoutException: Expected condition failed: waiting for visibility of Proxy element for: DefaultElementLocator &apos;By.name: username&apos; (tried for 20 second(s) with 500 milliseconds interval)
	at org.openqa.selenium.support.ui.WebDriverWait.timeoutException(WebDriverWait.java:87)
	at org.openqa.selenium.support.ui.FluentWait.until(FluentWait.java:231)
	at com.qa.utility.WaitUtility.visibilityOfEleLocated(WaitUtility.java:22)
	at com.qa.utility.PageUtility.performSendKey(PageUtility.java:22)
	at com.qa.Pages.SignInPage.login(SignInPage.java:73)
	at com.qa.testcases.PushNotificationsPageTestCase.performLogin(PushNotificationsPageTestCase.java:24)
	at java.util.ArrayList.forEach(Unknown Source)
Caused by: org.openqa.selenium.NoSuchElementException: no such element: Unable to locate element: {&quot;method&quot;:&quot;css selector&quot;,&quot;selector&quot;:&quot;*[name=&apos;username&apos;]&quot;}
  (Session info: chrome=101.0.4951.54)
For documentation on this error, please visit: https://selenium.dev/exceptions/#no_such_element
Build info: version: &apos;4.1.4&apos;, revision: &apos;535d840ee2&apos;
System info: host: &apos;DAN_RAJU&apos;, ip: &apos;192.168.232.146&apos;, os.name: &apos;Windows 10&apos;, os.arch: &apos;amd64&apos;, os.version: &apos;10.0&apos;, java.version: &apos;1.8.0_121&apos;
Driver info: org.openqa.selenium.chrome.ChromeDriver
Command: [f0e3ed53ca271515b90141a75b322578, findElement {using=name, value=username}]
Capabilities {acceptInsecureCerts: false, browserName: chrome, browserVersion: 101.0.4951.54, chrome: {chromedriverVersion: 100.0.4896.60 (6a5d10861ce8..., userDataDir: C:\Users\admin\AppData\Loca...}, goog:chromeOptions: {debuggerAddress: localhost:56949}, javascriptEnabled: true, networkConnectionEnabled: false, pageLoadStrategy: normal, platform: WINDOWS, platformName: WINDOWS, proxy: Proxy(), se:cdp: ws://localhost:56949/devtoo..., se:cdpVersion: 101.0.4951.54, setWindowRect: true, strictFileInteractability: false, timeouts: {implicit: 0, pageLoad: 300000, script: 30000}, unhandledPromptBehavior: dismiss and notify, webauthn:extension:credBlob: true, webauthn:extension:largeBlob: true, webauthn:virtualAuthenticators: true}
Session ID: f0e3ed53ca271515b90141a75b322578
	at org.openqa.selenium.remote.codec.w3c.W3CHttpResponseCodec.createException(W3CHttpResponseCodec.java:200)
	at org.openqa.selenium.remote.codec.w3c.W3CHttpResponseCodec.decode(W3CHttpResponseCodec.java:133)
	at org.openqa.selenium.remote.codec.w3c.W3CHttpResponseCodec.decode(W3CHttpResponseCodec.java:53)
	at org.openqa.selenium.remote.HttpCommandExecutor.execute(HttpCommandExecutor.java:184)
	at org.openqa.selenium.remote.service.DriverCommandExecutor.invokeExecute(DriverCommandExecutor.java:167)
	at org.openqa.selenium.remote.service.DriverCommandExecutor.execute(DriverCommandExecutor.java:142)
	at org.openqa.selenium.remote.RemoteWebDriver.execute(RemoteWebDriver.java:567)
	at org.openqa.selenium.remote.ElementLocation$ElementFinder$2.findElement(ElementLocation.java:162)
	at org.openqa.selenium.remote.ElementLocation.findElement(ElementLocation.java:60)
	at org.openqa.selenium.remote.RemoteWebDriver.findElement(RemoteWebDriver.java:385)
	at org.openqa.selenium.remote.RemoteWebDriver.findElement(RemoteWebDriver.java:377)
	at org.openqa.selenium.support.pagefactory.DefaultElementLocator.findElement(DefaultElementLocator.java:70)
	at org.openqa.selenium.support.pagefactory.internal.LocatingElementHandler.invoke(LocatingElementHandler.java:39)
	at com.sun.proxy.$Proxy14.isDisplayed(Unknown Source)
	at org.openqa.selenium.support.ui.ExpectedConditions.elementIfVisible(ExpectedConditions.java:307)
	at org.openqa.selenium.support.ui.ExpectedConditions.access$000(ExpectedConditions.java:40)
	at org.openqa.selenium.support.ui.ExpectedConditions$10.apply(ExpectedConditions.java:293)
	at org.openqa.selenium.support.ui.ExpectedConditions$10.apply(ExpectedConditions.java:290)
	at org.openqa.selenium.support.ui.FluentWait.until(FluentWait.java:208)
	... 30 more
... Removed 28 stack frames
</div> <!-- stack-trace -->
                </div> <!-- method-content -->
              </div> <!-- method -->
              <div class="method">
                <div class="method-content">
                  <a name="verifyTestReset">
                  </a> <!-- verifyTestReset -->
                  <span class="method-name">verifyTestReset</span>
                  <div class="stack-trace">org.openqa.selenium.TimeoutException: Expected condition failed: waiting for visibility of Proxy element for: DefaultElementLocator &apos;By.name: username&apos; (tried for 20 second(s) with 500 milliseconds interval)
	at org.openqa.selenium.support.ui.WebDriverWait.timeoutException(WebDriverWait.java:87)
	at org.openqa.selenium.support.ui.FluentWait.until(FluentWait.java:231)
	at com.qa.utility.WaitUtility.visibilityOfEleLocated(WaitUtility.java:22)
	at com.qa.utility.PageUtility.performSendKey(PageUtility.java:22)
	at com.qa.Pages.SignInPage.login(SignInPage.java:73)
	at com.qa.testcases.PushNotificationsPageTestCase.performLogin(PushNotificationsPageTestCase.java:24)
	at java.util.ArrayList.forEach(Unknown Source)
Caused by: org.openqa.selenium.NoSuchElementException: no such element: Unable to locate element: {&quot;method&quot;:&quot;css selector&quot;,&quot;selector&quot;:&quot;*[name=&apos;username&apos;]&quot;}
  (Session info: chrome=101.0.4951.54)
For documentation on this error, please visit: https://selenium.dev/exceptions/#no_such_element
Build info: version: &apos;4.1.4&apos;, revision: &apos;535d840ee2&apos;
System info: host: &apos;DAN_RAJU&apos;, ip: &apos;192.168.232.146&apos;, os.name: &apos;Windows 10&apos;, os.arch: &apos;amd64&apos;, os.version: &apos;10.0&apos;, java.version: &apos;1.8.0_121&apos;
Driver info: org.openqa.selenium.chrome.ChromeDriver
Command: [f0e3ed53ca271515b90141a75b322578, findElement {using=name, value=username}]
Capabilities {acceptInsecureCerts: false, browserName: chrome, browserVersion: 101.0.4951.54, chrome: {chromedriverVersion: 100.0.4896.60 (6a5d10861ce8..., userDataDir: C:\Users\admin\AppData\Loca...}, goog:chromeOptions: {debuggerAddress: localhost:56949}, javascriptEnabled: true, networkConnectionEnabled: false, pageLoadStrategy: normal, platform: WINDOWS, platformName: WINDOWS, proxy: Proxy(), se:cdp: ws://localhost:56949/devtoo..., se:cdpVersion: 101.0.4951.54, setWindowRect: true, strictFileInteractability: false, timeouts: {implicit: 0, pageLoad: 300000, script: 30000}, unhandledPromptBehavior: dismiss and notify, webauthn:extension:credBlob: true, webauthn:extension:largeBlob: true, webauthn:virtualAuthenticators: true}
Session ID: f0e3ed53ca271515b90141a75b322578
	at org.openqa.selenium.remote.codec.w3c.W3CHttpResponseCodec.createException(W3CHttpResponseCodec.java:200)
	at org.openqa.selenium.remote.codec.w3c.W3CHttpResponseCodec.decode(W3CHttpResponseCodec.java:133)
	at org.openqa.selenium.remote.codec.w3c.W3CHttpResponseCodec.decode(W3CHttpResponseCodec.java:53)
	at org.openqa.selenium.remote.HttpCommandExecutor.execute(HttpCommandExecutor.java:184)
	at org.openqa.selenium.remote.service.DriverCommandExecutor.invokeExecute(DriverCommandExecutor.java:167)
	at org.openqa.selenium.remote.service.DriverCommandExecutor.execute(DriverCommandExecutor.java:142)
	at org.openqa.selenium.remote.RemoteWebDriver.execute(RemoteWebDriver.java:567)
	at org.openqa.selenium.remote.ElementLocation$ElementFinder$2.findElement(ElementLocation.java:162)
	at org.openqa.selenium.remote.ElementLocation.findElement(ElementLocation.java:60)
	at org.openqa.selenium.remote.RemoteWebDriver.findElement(RemoteWebDriver.java:385)
	at org.openqa.selenium.remote.RemoteWebDriver.findElement(RemoteWebDriver.java:377)
	at org.openqa.selenium.support.pagefactory.DefaultElementLocator.findElement(DefaultElementLocator.java:70)
	at org.openqa.selenium.support.pagefactory.internal.LocatingElementHandler.invoke(LocatingElementHandler.java:39)
	at com.sun.proxy.$Proxy14.isDisplayed(Unknown Source)
	at org.openqa.selenium.support.ui.ExpectedConditions.elementIfVisible(ExpectedConditions.java:307)
	at org.openqa.selenium.support.ui.ExpectedConditions.access$000(ExpectedConditions.java:40)
	at org.openqa.selenium.support.ui.ExpectedConditions$10.apply(ExpectedConditions.java:293)
	at org.openqa.selenium.support.ui.ExpectedConditions$10.apply(ExpectedConditions.java:290)
	at org.openqa.selenium.support.ui.FluentWait.until(FluentWait.java:208)
	... 30 more
... Removed 28 stack frames
</div> <!-- stack-trace -->
                </div> <!-- method-content -->
              </div> <!-- method -->
            </div> <!-- main-panel-content rounded-window-bottom -->
          </div> <!-- suite-Suite-class-skipped -->
          <div class="suite-Suite-class-passed">
            <div class="main-panel-header rounded-window-top">
              <img src="passed.png"/>
              <span class="class-name">com.qa.testcases.ManageUsersTestCase</span>
            </div> <!-- main-panel-header rounded-window-top -->
            <div class="main-panel-content rounded-window-bottom">
              <div class="method">
                <div class="method-content">
                  <a name="getText">
                  </a> <!-- getText -->
                  <span class="method-name">getText</span>
                </div> <!-- method-content -->
              </div> <!-- method -->
              <div class="method">
                <div class="method-content">
                  <a name="manageVerifyUsersPage">
                  </a> <!-- manageVerifyUsersPage -->
                  <span class="method-name">manageVerifyUsersPage</span>
                </div> <!-- method-content -->
              </div> <!-- method -->
              <div class="method">
                <div class="method-content">
                  <a name="putDetaildForsearch">
                  </a> <!-- putDetaildForsearch -->
                  <span class="method-name">putDetaildForsearch</span>
                </div> <!-- method-content -->
              </div> <!-- method -->
              <div class="method">
                <div class="method-content">
                  <a name="putStatus">
                  </a> <!-- putStatus -->
                  <span class="method-name">putStatus</span>
                </div> <!-- method-content -->
              </div> <!-- method -->
              <div class="method">
                <div class="method-content">
                  <a name="searchVerifyUsersPage">
                  </a> <!-- searchVerifyUsersPage -->
                  <span class="method-name">searchVerifyUsersPage</span>
                </div> <!-- method-content -->
              </div> <!-- method -->
              <div class="method">
                <div class="method-content">
                  <a name="verifyTestResetBtn">
                  </a> <!-- verifyTestResetBtn -->
                  <span class="method-name">verifyTestResetBtn</span>
                </div> <!-- method-content -->
              </div> <!-- method -->
            </div> <!-- main-panel-content rounded-window-bottom -->
          </div> <!-- suite-Suite-class-passed -->
          <div class="suite-Suite-class-passed">
            <div class="main-panel-header rounded-window-top">
              <img src="passed.png"/>
              <span class="class-name">com.qa.testcases.ManageNewsTestCase</span>
            </div> <!-- main-panel-header rounded-window-top -->
            <div class="main-panel-content rounded-window-bottom">
              <div class="method">
                <div class="method-content">
                  <a name="verifyNewBtn">
                  </a> <!-- verifyNewBtn -->
                  <span class="method-name">verifyNewBtn</span>
                </div> <!-- method-content -->
              </div> <!-- method -->
              <div class="method">
                <div class="method-content">
                  <a name="verifyNewBtnAssert">
                  </a> <!-- verifyNewBtnAssert -->
                  <span class="method-name">verifyNewBtnAssert</span>
                </div> <!-- method-content -->
              </div> <!-- method -->
              <div class="method">
                <div class="method-content">
                  <a name="verifyResetBtn">
                  </a> <!-- verifyResetBtn -->
                  <span class="method-name">verifyResetBtn</span>
                </div> <!-- method-content -->
              </div> <!-- method -->
              <div class="method">
                <div class="method-content">
                  <a name="verifysearchBtn">
                  </a> <!-- verifysearchBtn -->
                  <span class="method-name">verifysearchBtn</span>
                </div> <!-- method-content -->
              </div> <!-- method -->
            </div> <!-- main-panel-content rounded-window-bottom -->
          </div> <!-- suite-Suite-class-passed -->
          <div class="suite-Suite-class-passed">
            <div class="main-panel-header rounded-window-top">
              <img src="passed.png"/>
              <span class="class-name">com.qa.testcases.ExpenseCategoryTestCase</span>
            </div> <!-- main-panel-header rounded-window-top -->
            <div class="main-panel-content rounded-window-bottom">
              <div class="method">
                <div class="method-content">
                  <a name="expenseCategoryPageVerification">
                  </a> <!-- expenseCategoryPageVerification -->
                  <span class="method-name">expenseCategoryPageVerification</span>
                </div> <!-- method-content -->
              </div> <!-- method -->
              <div class="method">
                <div class="method-content">
                  <a name="verifyExpenseCategoryPageNewButtonElement">
                  </a> <!-- verifyExpenseCategoryPageNewButtonElement -->
                  <span class="method-name">verifyExpenseCategoryPageNewButtonElement</span>
                </div> <!-- method-content -->
              </div> <!-- method -->
              <div class="method">
                <div class="method-content">
                  <a name="verifyExpenseCategoryPageSearchButtonElement">
                  </a> <!-- verifyExpenseCategoryPageSearchButtonElement -->
                  <span class="method-name">verifyExpenseCategoryPageSearchButtonElement</span>
                </div> <!-- method-content -->
              </div> <!-- method -->
            </div> <!-- main-panel-content rounded-window-bottom -->
          </div> <!-- suite-Suite-class-passed -->
          <div class="suite-Suite-class-passed">
            <div class="main-panel-header rounded-window-top">
              <img src="passed.png"/>
              <span class="class-name">com.qa.testcases.SignInTestCase</span>
            </div> <!-- main-panel-header rounded-window-top -->
            <div class="main-panel-content rounded-window-bottom">
              <div class="method">
                <div class="method-content">
                  <a name="login">
                  </a> <!-- login -->
                  <span class="method-name">login</span>
                </div> <!-- method-content -->
              </div> <!-- method -->
              <div class="method">
                <div class="method-content">
                  <a name="passwordFeildIsDisplayed">
                  </a> <!-- passwordFeildIsDisplayed -->
                  <span class="method-name">passwordFeildIsDisplayed</span>
                </div> <!-- method-content -->
              </div> <!-- method -->
              <div class="method">
                <div class="method-content">
                  <a name="passwordMasked">
                  </a> <!-- passwordMasked -->
                  <span class="method-name">passwordMasked</span>
                </div> <!-- method-content -->
              </div> <!-- method -->
              <div class="method">
                <div class="method-content">
                  <a name="userIdFeildIsDisplayed">
                  </a> <!-- userIdFeildIsDisplayed -->
                  <span class="method-name">userIdFeildIsDisplayed</span>
                </div> <!-- method-content -->
              </div> <!-- method -->
            </div> <!-- main-panel-content rounded-window-bottom -->
          </div> <!-- suite-Suite-class-passed -->
          <div class="suite-Suite-class-passed">
            <div class="main-panel-header rounded-window-top">
              <img src="passed.png"/>
              <span class="class-name">com.qa.testcases.ManageLocationTestCase</span>
            </div> <!-- main-panel-header rounded-window-top -->
            <div class="main-panel-content rounded-window-bottom">
              <div class="method">
                <div class="method-content">
                  <a name="titleUrl">
                  </a> <!-- titleUrl -->
                  <span class="method-name">titleUrl</span>
                </div> <!-- method-content -->
              </div> <!-- method -->
              <div class="method">
                <div class="method-content">
                  <a name="verifyNewBtn">
                  </a> <!-- verifyNewBtn -->
                  <span class="method-name">verifyNewBtn</span>
                </div> <!-- method-content -->
              </div> <!-- method -->
              <div class="method">
                <div class="method-content">
                  <a name="verifyNewBtnAlert">
                  </a> <!-- verifyNewBtnAlert -->
                  <span class="method-name">verifyNewBtnAlert</span>
                </div> <!-- method-content -->
              </div> <!-- method -->
              <div class="method">
                <div class="method-content">
                  <a name="verifySearchBtn">
                  </a> <!-- verifySearchBtn -->
                  <span class="method-name">verifySearchBtn</span>
                </div> <!-- method-content -->
              </div> <!-- method -->
            </div> <!-- main-panel-content rounded-window-bottom -->
          </div> <!-- suite-Suite-class-passed -->
          <div class="suite-Suite-class-passed">
            <div class="main-panel-header rounded-window-top">
              <img src="passed.png"/>
              <span class="class-name">com.qa.testcases.ManageOrderTestCase</span>
            </div> <!-- main-panel-header rounded-window-top -->
            <div class="main-panel-content rounded-window-bottom">
              <div class="method">
                <div class="method-content">
                  <a name="listOrderIsDisplayed">
                  </a> <!-- listOrderIsDisplayed -->
                  <span class="method-name">listOrderIsDisplayed</span>
                </div> <!-- method-content -->
              </div> <!-- method -->
              <div class="method">
                <div class="method-content">
                  <a name="manageOrderPage">
                  </a> <!-- manageOrderPage -->
                  <span class="method-name">manageOrderPage</span>
                </div> <!-- method-content -->
              </div> <!-- method -->
              <div class="method">
                <div class="method-content">
                  <a name="orderIdManageOrderPage">
                  </a> <!-- orderIdManageOrderPage -->
                  <span class="method-name">orderIdManageOrderPage</span>
                </div> <!-- method-content -->
              </div> <!-- method -->
              <div class="method">
                <div class="method-content">
                  <a name="paymentmodeManageOrderPage">
                  </a> <!-- paymentmodeManageOrderPage -->
                  <span class="method-name">paymentmodeManageOrderPage</span>
                </div> <!-- method-content -->
              </div> <!-- method -->
              <div class="method">
                <div class="method-content">
                  <a name="searchManageOrderPage">
                  </a> <!-- searchManageOrderPage -->
                  <span class="method-name">searchManageOrderPage</span>
                </div> <!-- method-content -->
              </div> <!-- method -->
              <div class="method">
                <div class="method-content">
                  <a name="searchOrderIdManageOrderPage">
                  </a> <!-- searchOrderIdManageOrderPage -->
                  <span class="method-name">searchOrderIdManageOrderPage</span>
                </div> <!-- method-content -->
              </div> <!-- method -->
              <div class="method">
                <div class="method-content">
                  <a name="statusManageOrderPage">
                  </a> <!-- statusManageOrderPage -->
                  <span class="method-name">statusManageOrderPage</span>
                </div> <!-- method-content -->
              </div> <!-- method -->
              <div class="method">
                <div class="method-content">
                  <a name="verifyHomePageTitel">
                  </a> <!-- verifyHomePageTitel -->
                  <span class="method-name">verifyHomePageTitel</span>
                </div> <!-- method-content -->
              </div> <!-- method -->
            </div> <!-- main-panel-content rounded-window-bottom -->
          </div> <!-- suite-Suite-class-passed -->
        </div> <!-- panel Suite -->
        <div panel-name="test-xml-Suite" class="panel">
          <div class="main-panel-header rounded-window-top">
            <span class="header-content">C:\Users\admin\eclipse-workspace\GroceryApp\GAProject\testng.xml</span>
          </div> <!-- main-panel-header rounded-window-top -->
          <div class="main-panel-content rounded-window-bottom">
            <pre>
&lt;?xml version=&quot;1.0&quot; encoding=&quot;UTF-8&quot;?&gt;
&lt;!DOCTYPE suite SYSTEM &quot;https://testng.org/testng-1.0.dtd&quot;&gt;
&lt;suite guice-stage=&quot;DEVELOPMENT&quot; name=&quot;Suite&quot;&gt;
  &lt;test thread-count=&quot;5&quot; name=&quot;Test&quot;&gt;
    &lt;classes&gt;
      &lt;class name=&quot;com.qa.testcases.SignInTestCase&quot;/&gt;
      &lt;class name=&quot;com.qa.testcases.ExpenseCategoryTestCase&quot;/&gt;
      &lt;class name=&quot;com.qa.testcases.ManageOrderTestCase&quot;/&gt;
      &lt;class name=&quot;com.qa.testcases.ManageProductTestCase&quot;/&gt;
      &lt;class name=&quot;com.qa.testcases.ManageUsersTestCase&quot;/&gt;
      &lt;class name=&quot;com.qa.testcases.PushNotificationsPageTestCase&quot;/&gt;
      &lt;class name=&quot;com.qa.testcases.ManageNewsTestCase&quot;/&gt;
      &lt;class name=&quot;com.qa.testcases.ManageLocationTestCase&quot;/&gt;
    &lt;/classes&gt;
  &lt;/test&gt; &lt;!-- Test --&gt;
&lt;/suite&gt; &lt;!-- Suite --&gt;
            </pre>
          </div> <!-- main-panel-content rounded-window-bottom -->
        </div> <!-- panel -->
        <div panel-name="testlist-Suite" class="panel">
          <div class="main-panel-header rounded-window-top">
            <span class="header-content">Tests for Suite</span>
          </div> <!-- main-panel-header rounded-window-top -->
          <div class="main-panel-content rounded-window-bottom">
            <ul>
              <li>
                <span class="test-name">Test (8 classes)</span>
              </li>
            </ul>
          </div> <!-- main-panel-content rounded-window-bottom -->
        </div> <!-- panel -->
        <div panel-name="group-Suite" class="panel">
          <div class="main-panel-header rounded-window-top">
            <span class="header-content">Groups for Suite</span>
          </div> <!-- main-panel-header rounded-window-top -->
          <div class="main-panel-content rounded-window-bottom">
          </div> <!-- main-panel-content rounded-window-bottom -->
        </div> <!-- panel -->
        <div panel-name="times-Suite" class="panel">
          <div class="main-panel-header rounded-window-top">
            <span class="header-content">Times for Suite</span>
          </div> <!-- main-panel-header rounded-window-top -->
          <div class="main-panel-content rounded-window-bottom">
            <div class="times-div">
              <script type="text/javascript">
suiteTableInitFunctions.push('tableData_Suite');
function tableData_Suite() {
var data = new google.visualization.DataTable();
data.addColumn('number', 'Number');
data.addColumn('string', 'Method');
data.addColumn('string', 'Class');
data.addColumn('number', 'Time (ms)');
data.addRows(34);
data.setCell(0, 0, 0)
data.setCell(0, 1, 'expenseCategoryPageVerification')
data.setCell(0, 2, 'com.qa.testcases.ExpenseCategoryTestCase')
data.setCell(0, 3, 6131);
data.setCell(1, 0, 1)
data.setCell(1, 1, 'verifyNewBtn')
data.setCell(1, 2, 'com.qa.testcases.ManageNewsTestCase')
data.setCell(1, 3, 6131);
data.setCell(2, 0, 2)
data.setCell(2, 1, 'verifyNewBtn')
data.setCell(2, 2, 'com.qa.testcases.ManageLocationTestCase')
data.setCell(2, 3, 5590);
data.setCell(3, 0, 3)
data.setCell(3, 1, 'searchManageOrderPage')
data.setCell(3, 2, 'com.qa.testcases.ManageOrderTestCase')
data.setCell(3, 3, 4740);
data.setCell(4, 0, 4)
data.setCell(4, 1, 'manageOrderPage')
data.setCell(4, 2, 'com.qa.testcases.ManageOrderTestCase')
data.setCell(4, 3, 2757);
data.setCell(5, 0, 5)
data.setCell(5, 1, 'login')
data.setCell(5, 2, 'com.qa.testcases.SignInTestCase')
data.setCell(5, 3, 2635);
data.setCell(6, 0, 6)
data.setCell(6, 1, 'verifySearchBtn')
data.setCell(6, 2, 'com.qa.testcases.ManageLocationTestCase')
data.setCell(6, 3, 2420);
data.setCell(7, 0, 7)
data.setCell(7, 1, 'verifysearchBtn')
data.setCell(7, 2, 'com.qa.testcases.ManageNewsTestCase')
data.setCell(7, 3, 2201);
data.setCell(8, 0, 8)
data.setCell(8, 1, 'searchVerifyUsersPage')
data.setCell(8, 2, 'com.qa.testcases.ManageUsersTestCase')
data.setCell(8, 3, 1712);
data.setCell(9, 0, 9)
data.setCell(9, 1, 'putDetaildForsearch')
data.setCell(9, 2, 'com.qa.testcases.ManageUsersTestCase')
data.setCell(9, 3, 1103);
data.setCell(10, 0, 10)
data.setCell(10, 1, 'verifyResetBtn')
data.setCell(10, 2, 'com.qa.testcases.ManageNewsTestCase')
data.setCell(10, 3, 1041);
data.setCell(11, 0, 11)
data.setCell(11, 1, 'manageVerifyUsersPage')
data.setCell(11, 2, 'com.qa.testcases.ManageUsersTestCase')
data.setCell(11, 3, 1008);
data.setCell(12, 0, 12)
data.setCell(12, 1, 'searchOrderIdManageOrderPage')
data.setCell(12, 2, 'com.qa.testcases.ManageOrderTestCase')
data.setCell(12, 3, 841);
data.setCell(13, 0, 13)
data.setCell(13, 1, 'verifyTestResetBtn')
data.setCell(13, 2, 'com.qa.testcases.ManageUsersTestCase')
data.setCell(13, 3, 762);
data.setCell(14, 0, 14)
data.setCell(14, 1, 'orderIdManageOrderPage')
data.setCell(14, 2, 'com.qa.testcases.ManageOrderTestCase')
data.setCell(14, 3, 487);
data.setCell(15, 0, 15)
data.setCell(15, 1, 'paymentmodeManageOrderPage')
data.setCell(15, 2, 'com.qa.testcases.ManageOrderTestCase')
data.setCell(15, 3, 276);
data.setCell(16, 0, 16)
data.setCell(16, 1, 'userIdFeildIsDisplayed')
data.setCell(16, 2, 'com.qa.testcases.SignInTestCase')
data.setCell(16, 3, 234);
data.setCell(17, 0, 17)
data.setCell(17, 1, 'putStatus')
data.setCell(17, 2, 'com.qa.testcases.ManageUsersTestCase')
data.setCell(17, 3, 229);
data.setCell(18, 0, 18)
data.setCell(18, 1, 'verifyNewBtnAssert')
data.setCell(18, 2, 'com.qa.testcases.ManageNewsTestCase')
data.setCell(18, 3, 214);
data.setCell(19, 0, 19)
data.setCell(19, 1, 'titleUrl')
data.setCell(19, 2, 'com.qa.testcases.ManageLocationTestCase')
data.setCell(19, 3, 196);
data.setCell(20, 0, 20)
data.setCell(20, 1, 'statusManageOrderPage')
data.setCell(20, 2, 'com.qa.testcases.ManageOrderTestCase')
data.setCell(20, 3, 195);
data.setCell(21, 0, 21)
data.setCell(21, 1, 'listOrderIsDisplayed')
data.setCell(21, 2, 'com.qa.testcases.ManageOrderTestCase')
data.setCell(21, 3, 182);
data.setCell(22, 0, 22)
data.setCell(22, 1, 'verifyExpenseCategoryPageNewButtonElement')
data.setCell(22, 2, 'com.qa.testcases.ExpenseCategoryTestCase')
data.setCell(22, 3, 118);
data.setCell(23, 0, 23)
data.setCell(23, 1, 'passwordFeildIsDisplayed')
data.setCell(23, 2, 'com.qa.testcases.SignInTestCase')
data.setCell(23, 3, 116);
data.setCell(24, 0, 24)
data.setCell(24, 1, 'verifyExpenseCategoryPageSearchButtonElement')
data.setCell(24, 2, 'com.qa.testcases.ExpenseCategoryTestCase')
data.setCell(24, 3, 112);
data.setCell(25, 0, 25)
data.setCell(25, 1, 'verifyNewBtnAlert')
data.setCell(25, 2, 'com.qa.testcases.ManageLocationTestCase')
data.setCell(25, 3, 73);
data.setCell(26, 0, 26)
data.setCell(26, 1, 'passwordMasked')
data.setCell(26, 2, 'com.qa.testcases.SignInTestCase')
data.setCell(26, 3, 45);
data.setCell(27, 0, 27)
data.setCell(27, 1, 'getText')
data.setCell(27, 2, 'com.qa.testcases.ManageUsersTestCase')
data.setCell(27, 3, 45);
data.setCell(28, 0, 28)
data.setCell(28, 1, 'verifyHomePageTitel')
data.setCell(28, 2, 'com.qa.testcases.ManageOrderTestCase')
data.setCell(28, 3, 18);
data.setCell(29, 0, 29)
data.setCell(29, 1, 'manageProductPage')
data.setCell(29, 2, 'com.qa.testcases.ManageProductTestCase')
data.setCell(29, 3, 0);
data.setCell(30, 0, 30)
data.setCell(30, 1, 'verifyPushNotificationPage')
data.setCell(30, 2, 'com.qa.testcases.PushNotificationsPageTestCase')
data.setCell(30, 3, 0);
data.setCell(31, 0, 31)
data.setCell(31, 1, 'verifyAlert')
data.setCell(31, 2, 'com.qa.testcases.PushNotificationsPageTestCase')
data.setCell(31, 3, 0);
data.setCell(32, 0, 32)
data.setCell(32, 1, 'verifyTestReset')
data.setCell(32, 2, 'com.qa.testcases.PushNotificationsPageTestCase')
data.setCell(32, 3, 0);
data.setCell(33, 0, 33)
data.setCell(33, 1, 'testSearchBtn')
data.setCell(33, 2, 'com.qa.testcases.ManageProductTestCase')
data.setCell(33, 3, 0);
window.suiteTableData['Suite']= { tableData: data, tableDiv: 'times-div-Suite'}
return data;
}
              </script>
              <span class="suite-total-time">Total running time: 41 seconds</span>
              <div id="times-div-Suite">
              </div> <!-- times-div-Suite -->
            </div> <!-- times-div -->
          </div> <!-- main-panel-content rounded-window-bottom -->
        </div> <!-- panel -->
        <div panel-name="reporter-Suite" class="panel">
          <div class="main-panel-header rounded-window-top">
            <span class="header-content">Reporter output for Suite</span>
          </div> <!-- main-panel-header rounded-window-top -->
          <div class="main-panel-content rounded-window-bottom">
          </div> <!-- main-panel-content rounded-window-bottom -->
        </div> <!-- panel -->
        <div panel-name="ignored-methods-Suite" class="panel">
          <div class="main-panel-header rounded-window-top">
            <span class="header-content">0 ignored methods</span>
          </div> <!-- main-panel-header rounded-window-top -->
          <div class="main-panel-content rounded-window-bottom">
          </div> <!-- main-panel-content rounded-window-bottom -->
        </div> <!-- panel -->
        <div panel-name="chronological-Suite" class="panel">
          <div class="main-panel-header rounded-window-top">
            <span class="header-content">Methods in chronological order</span>
          </div> <!-- main-panel-header rounded-window-top -->
          <div class="main-panel-content rounded-window-bottom">
            <div class="chronological-class">
              <div class="chronological-class-name">com.qa.testcases.SignInTestCase</div> <!-- chronological-class-name -->
              <div class="configuration-class before">
                <span class="method-name">initializeDriver</span>
                <span class="method-start">0 ms</span>
              </div> <!-- configuration-class before -->
              <div class="configuration-class before">
                <span class="method-name">beforeMethod</span>
                <span class="method-start">11018 ms</span>
              </div> <!-- configuration-class before -->
              <div class="test-method">
                <span class="method-name">userIdFeildIsDisplayed</span>
                <span class="method-start">11129 ms</span>
              </div> <!-- test-method -->
              <div class="test-method">
                <span class="method-name">passwordFeildIsDisplayed</span>
                <span class="method-start">11370 ms</span>
              </div> <!-- test-method -->
              <div class="test-method">
                <span class="method-name">passwordMasked</span>
                <span class="method-start">11489 ms</span>
              </div> <!-- test-method -->
              <div class="test-method">
                <span class="method-name">login</span>
                <span class="method-start">11536 ms</span>
              </div> <!-- test-method -->
              <div class="configuration-class after">
                <span class="method-name">close</span>
                <span class="method-start">14180 ms</span>
              </div> <!-- configuration-class after -->
            </div> <!-- chronological-class -->
            <div class="chronological-class">
              <div class="chronological-class-name">com.qa.testcases.ExpenseCategoryTestCase</div> <!-- chronological-class-name -->
              <div class="configuration-class before">
                <span class="method-name">initializeDriver</span>
                <span class="method-start">14901 ms</span>
              </div> <!-- configuration-class before -->
              <div class="configuration-class before">
                <span class="method-name">performLogin</span>
                <span class="method-start">27787 ms</span>
              </div> <!-- configuration-class before -->
              <div class="test-method">
                <span class="method-name">expenseCategoryPageVerification</span>
                <span class="method-start">29580 ms</span>
              </div> <!-- test-method -->
              <div class="test-method">
                <span class="method-name">verifyExpenseCategoryPageNewButtonElement</span>
                <span class="method-start">35718 ms</span>
              </div> <!-- test-method -->
              <div class="test-method">
                <span class="method-name">verifyExpenseCategoryPageSearchButtonElement</span>
                <span class="method-start">35838 ms</span>
              </div> <!-- test-method -->
              <div class="configuration-class after">
                <span class="method-name">close</span>
                <span class="method-start">35951 ms</span>
              </div> <!-- configuration-class after -->
            </div> <!-- chronological-class -->
            <div class="chronological-class">
              <div class="chronological-class-name">com.qa.testcases.ManageOrderTestCase</div> <!-- chronological-class-name -->
              <div class="configuration-class before">
                <span class="method-name">initializeDriver</span>
                <span class="method-start">36594 ms</span>
              </div> <!-- configuration-class before -->
              <div class="configuration-class before">
                <span class="method-name">performLogin</span>
                <span class="method-start">65377 ms</span>
              </div> <!-- configuration-class before -->
              <div class="test-method">
                <span class="method-name">manageOrderPage</span>
                <span class="method-start">67738 ms</span>
              </div> <!-- test-method -->
              <div class="test-method">
                <span class="method-name">listOrderIsDisplayed</span>
                <span class="method-start">70498 ms</span>
              </div> <!-- test-method -->
              <div class="test-method">
                <span class="method-name">verifyHomePageTitel</span>
                <span class="method-start">70686 ms</span>
              </div> <!-- test-method -->
              <div class="test-method">
                <span class="method-name">searchManageOrderPage</span>
                <span class="method-start">70706 ms</span>
              </div> <!-- test-method -->
              <div class="test-method">
                <span class="method-name">orderIdManageOrderPage</span>
                <span class="method-start">75449 ms</span>
              </div> <!-- test-method -->
              <div class="test-method">
                <span class="method-name">paymentmodeManageOrderPage</span>
                <span class="method-start">75938 ms</span>
              </div> <!-- test-method -->
              <div class="test-method">
                <span class="method-name">statusManageOrderPage</span>
                <span class="method-start">76217 ms</span>
              </div> <!-- test-method -->
              <div class="test-method">
                <span class="method-name">searchOrderIdManageOrderPage</span>
                <span class="method-start">76414 ms</span>
              </div> <!-- test-method -->
              <div class="configuration-class after">
                <span class="method-name">close</span>
                <span class="method-start">77256 ms</span>
              </div> <!-- configuration-class after -->
            </div> <!-- chronological-class -->
            <div class="chronological-class">
              <div class="chronological-class-name">com.qa.testcases.ManageProductTestCase</div> <!-- chronological-class-name -->
              <div class="configuration-class before">
                <span class="method-name">initializeDriver</span>
                <span class="method-start">77988 ms</span>
              </div> <!-- configuration-class before -->
              <div class="configuration-class before">
                <img src="failed.png">
                </img>
                <span class="method-name">performLogin</span>
                <span class="method-start">121163 ms</span>
              </div> <!-- configuration-class before -->
              <div class="test-method">
                <span class="method-name">manageProductPage</span>
                <span class="method-start">141907 ms</span>
              </div> <!-- test-method -->
              <div class="test-method">
                <span class="method-name">testSearchBtn</span>
                <span class="method-start">141914 ms</span>
              </div> <!-- test-method -->
              <div class="configuration-class after">
                <span class="method-name">close</span>
                <span class="method-start">141922 ms</span>
              </div> <!-- configuration-class after -->
            </div> <!-- chronological-class -->
            <div class="chronological-class">
              <div class="chronological-class-name">com.qa.testcases.ManageUsersTestCase</div> <!-- chronological-class-name -->
              <div class="configuration-class before">
                <span class="method-name">initializeDriver</span>
                <span class="method-start">141924 ms</span>
              </div> <!-- configuration-class before -->
              <div class="configuration-class before">
                <span class="method-name">performLogin</span>
                <span class="method-start">160362 ms</span>
              </div> <!-- configuration-class before -->
              <div class="test-method">
                <span class="method-name">manageVerifyUsersPage</span>
                <span class="method-start">161899 ms</span>
              </div> <!-- test-method -->
              <div class="test-method">
                <span class="method-name">searchVerifyUsersPage</span>
                <span class="method-start">162909 ms</span>
              </div> <!-- test-method -->
              <div class="test-method">
                <span class="method-name">putDetaildForsearch</span>
                <span class="method-start">164628 ms</span>
              </div> <!-- test-method -->
              <div class="test-method">
                <span class="method-name">putStatus</span>
                <span class="method-start">165733 ms</span>
              </div> <!-- test-method -->
              <div class="test-method">
                <span class="method-name">getText</span>
                <span class="method-start">165966 ms</span>
              </div> <!-- test-method -->
              <div class="test-method">
                <span class="method-name">verifyTestResetBtn</span>
                <span class="method-start">166013 ms</span>
              </div> <!-- test-method -->
              <div class="configuration-class after">
                <span class="method-name">close</span>
                <span class="method-start">166776 ms</span>
              </div> <!-- configuration-class after -->
            </div> <!-- chronological-class -->
            <div class="chronological-class">
              <div class="chronological-class-name">com.qa.testcases.PushNotificationsPageTestCase</div> <!-- chronological-class-name -->
              <div class="configuration-class before">
                <span class="method-name">initializeDriver</span>
                <span class="method-start">167606 ms</span>
              </div> <!-- configuration-class before -->
              <div class="configuration-class before">
                <img src="failed.png">
                </img>
                <span class="method-name">performLogin</span>
                <span class="method-start">210990 ms</span>
              </div> <!-- configuration-class before -->
              <div class="test-method">
                <span class="method-name">verifyPushNotificationPage</span>
                <span class="method-start">231529 ms</span>
              </div> <!-- test-method -->
              <div class="test-method">
                <span class="method-name">verifyAlert</span>
                <span class="method-start">231557 ms</span>
              </div> <!-- test-method -->
              <div class="test-method">
                <span class="method-name">verifyTestReset</span>
                <span class="method-start">231562 ms</span>
              </div> <!-- test-method -->
              <div class="configuration-class after">
                <span class="method-name">close</span>
                <span class="method-start">231566 ms</span>
              </div> <!-- configuration-class after -->
            </div> <!-- chronological-class -->
            <div class="chronological-class">
              <div class="chronological-class-name">com.qa.testcases.ManageNewsTestCase</div> <!-- chronological-class-name -->
              <div class="configuration-class before">
                <span class="method-name">initializeDriver</span>
                <span class="method-start">231567 ms</span>
              </div> <!-- configuration-class before -->
              <div class="configuration-class before">
                <span class="method-name">performLogin</span>
                <span class="method-start">255690 ms</span>
              </div> <!-- configuration-class before -->
              <div class="test-method">
                <span class="method-name">verifyNewBtn</span>
                <span class="method-start">257443 ms</span>
              </div> <!-- test-method -->
              <div class="test-method">
                <span class="method-name">verifyNewBtnAssert</span>
                <span class="method-start">263585 ms</span>
              </div> <!-- test-method -->
              <div class="test-method">
                <span class="method-name">verifysearchBtn</span>
                <span class="method-start">263801 ms</span>
              </div> <!-- test-method -->
              <div class="test-method">
                <span class="method-name">verifyResetBtn</span>
                <span class="method-start">266003 ms</span>
              </div> <!-- test-method -->
              <div class="configuration-class after">
                <span class="method-name">close</span>
                <span class="method-start">267046 ms</span>
              </div> <!-- configuration-class after -->
            </div> <!-- chronological-class -->
            <div class="chronological-class">
              <div class="chronological-class-name">com.qa.testcases.ManageLocationTestCase</div> <!-- chronological-class-name -->
              <div class="configuration-class before">
                <span class="method-name">initializeDriver</span>
                <span class="method-start">267760 ms</span>
              </div> <!-- configuration-class before -->
              <div class="configuration-class before">
                <span class="method-name">performLogin</span>
                <span class="method-start">281041 ms</span>
              </div> <!-- configuration-class before -->
              <div class="test-method">
                <span class="method-name">verifyNewBtn</span>
                <span class="method-start">283029 ms</span>
              </div> <!-- test-method -->
              <div class="test-method">
                <span class="method-name">verifyNewBtnAlert</span>
                <span class="method-start">288620 ms</span>
              </div> <!-- test-method -->
              <div class="test-method">
                <span class="method-name">verifySearchBtn</span>
                <span class="method-start">288694 ms</span>
              </div> <!-- test-method -->
              <div class="test-method">
                <span class="method-name">titleUrl</span>
                <span class="method-start">291116 ms</span>
              </div> <!-- test-method -->
              <div class="configuration-class after">
                <span class="method-name">close</span>
                <span class="method-start">291314 ms</span>
              </div> <!-- configuration-class after -->
          </div> <!-- main-panel-content rounded-window-bottom -->
        </div> <!-- panel -->
      </div> <!-- main-panel-root -->
    </div> <!-- wrapper -->
  </body>
<script type="text/javascript" src="testng-reports2.js"></script>
</html>
